****************************************
Report : timing
Design : conv3x3_core
Clock  : clk
Target : 5.000 ns period
****************************************

Startpoint: valid_in_reg / input window register boundary
Endpoint  : data_out_reg
Path Group: clk
Path Type : max

Data Path Delay:                         4.214 ns
Clock Uncertainty:                       0.100 ns
Clock Network Delay:                     0.082 ns
Required Time:                           5.000 ns
Arrival Time:                            4.396 ns
Slack (MET):                             0.604 ns

Critical path summary:
  p02/w02 multiplier partial product logic
  carry-save accumulation through adder tree
  ReLU comparator and saturation mux
  data_out register setup

Maximum estimated clock frequency:       217.6 MHz
Latency:                                 1 cycle after valid_in
Throughput:                              1 convolution output per cycle after pipeline fill

Timing conclusion:
The design meets a 5 ns timing target with positive slack. Higher frequency closure would require a balanced adder tree and at least one internal pipeline stage after the multiplier products.
